This is pdfTeX, Version 3.1415926-1.40.10 (MiKTeX 2.8) (preloaded format=pdflatex 2010.4.15)  19 APR 2010 10:04
entering extended mode
**rover.tex
(C:\niklaas\java\compomics-rover\manual\rover.tex
LaTeX2e <2009/09/24>
Babel <v3.8l> and hyphenation patterns for english, dumylang, nohyphenation, ge
rman, ngerman, german-x-2009-06-19, ngerman-x-2009-06-19, french, loaded.
("C:\Program Files (x86)\MiKTeX 2.8\tex\latex\base\book.cls"
Document Class: book 2007/10/19 v1.4h Standard LaTeX document class
("C:\Program Files (x86)\MiKTeX 2.8\tex\latex\base\bk11.clo"
File: bk11.clo 2007/10/19 v1.4h Standard LaTeX file (size option)
)
\c@part=\count79
\c@chapter=\count80
\c@section=\count81
\c@subsection=\count82
\c@subsubsection=\count83
\c@paragraph=\count84
\c@subparagraph=\count85
\c@figure=\count86
\c@table=\count87
\abovecaptionskip=\skip41
\belowcaptionskip=\skip42
\bibindent=\dimen102
)
("C:\Program Files (x86)\MiKTeX 2.8\tex\latex\ams\math\amsmath.sty"
Package: amsmath 2000/07/18 v2.13 AMS math features
\@mathmargin=\skip43

For additional information on amsmath, use the `?' option.
("C:\Program Files (x86)\MiKTeX 2.8\tex\latex\ams\math\amstext.sty"
Package: amstext 2000/06/29 v2.01

("C:\Program Files (x86)\MiKTeX 2.8\tex\latex\ams\math\amsgen.sty"
File: amsgen.sty 1999/11/30 v2.0
\@emptytoks=\toks14
\ex@=\dimen103
))
("C:\Program Files (x86)\MiKTeX 2.8\tex\latex\ams\math\amsbsy.sty"
Package: amsbsy 1999/11/29 v1.2d
\pmbraise@=\dimen104
)
("C:\Program Files (x86)\MiKTeX 2.8\tex\latex\ams\math\amsopn.sty"
Package: amsopn 1999/12/14 v2.01 operator names
)
\inf@bad=\count88
LaTeX Info: Redefining \frac on input line 211.
\uproot@=\count89
\leftroot@=\count90
LaTeX Info: Redefining \overline on input line 307.
\classnum@=\count91
\DOTSCASE@=\count92
LaTeX Info: Redefining \ldots on input line 379.
LaTeX Info: Redefining \dots on input line 382.
LaTeX Info: Redefining \cdots on input line 467.
\Mathstrutbox@=\box26
\strutbox@=\box27
\big@size=\dimen105
LaTeX Font Info:    Redeclaring font encoding OML on input line 567.
LaTeX Font Info:    Redeclaring font encoding OMS on input line 568.
\macc@depth=\count93
\c@MaxMatrixCols=\count94
\dotsspace@=\muskip10
\c@parentequation=\count95
\dspbrk@lvl=\count96
\tag@help=\toks15
\row@=\count97
\column@=\count98
\maxfields@=\count99
\andhelp@=\toks16
\eqnshift@=\dimen106
\alignsep@=\dimen107
\tagshift@=\dimen108
\tagwidth@=\dimen109
\totwidth@=\dimen110
\lineht@=\dimen111
\@envbody=\toks17
\multlinegap=\skip44
\multlinetaggap=\skip45
\mathdisplay@stack=\toks18
LaTeX Info: Redefining \[ on input line 2666.
LaTeX Info: Redefining \] on input line 2667.
)
("C:\Program Files (x86)\MiKTeX 2.8\tex\latex\amsfonts\amssymb.sty"
Package: amssymb 2009/06/22 v3.00

("C:\Program Files (x86)\MiKTeX 2.8\tex\latex\amsfonts\amsfonts.sty"
Package: amsfonts 2009/06/22 v3.00 Basic AMSFonts support
\symAMSa=\mathgroup4
\symAMSb=\mathgroup5
LaTeX Font Info:    Overwriting math alphabet `\mathfrak' in version `bold'
(Font)                  U/euf/m/n --> U/euf/b/n on input line 96.
))
("C:\Program Files (x86)\MiKTeX 2.8\tex\latex\base\makeidx.sty"
Package: makeidx 2000/03/29 v1.0m Standard LaTeX package
)
("C:\Program Files (x86)\MiKTeX 2.8\tex\latex\ltxmisc\url.sty"
\Urlmuskip=\muskip11
Package: url 2006/04/12  ver 3.3  Verb mode for urls, etc.
)
("C:\Program Files (x86)\MiKTeX 2.8\tex\latex\base\fixltx2e.sty"
Package: fixltx2e 2006/09/13 v1.1m fixes to LaTeX
LaTeX Info: Redefining \em on input line 420.
LaTeX Info: The control sequence `\[' is already robust on input line 471.
LaTeX Info: The control sequence `\]' is already robust on input line 472.
)
("C:\Program Files (x86)\MiKTeX 2.8\tex\latex\base\textcomp.sty"
Package: textcomp 2005/09/27 v1.99g Standard LaTeX package
Package textcomp Info: Sub-encoding information:
(textcomp)               5 = only ISO-Adobe without \textcurrency
(textcomp)               4 = 5 + \texteuro
(textcomp)               3 = 4 + \textohm
(textcomp)               2 = 3 + \textestimated + \textcurrency
(textcomp)               1 = TS1 - \textcircled - \t
(textcomp)               0 = TS1 (full)
(textcomp)             Font families with sub-encoding setting implement
(textcomp)             only a restricted character set as indicated.
(textcomp)             Family '?' is the default used for unknown fonts.
(textcomp)             See the documentation for details.
Package textcomp Info: Setting ? sub-encoding to TS1/1 on input line 71.

("C:\Program Files (x86)\MiKTeX 2.8\tex\latex\base\ts1enc.def"
File: ts1enc.def 2001/06/05 v3.0e (jk/car/fm) Standard LaTeX file
)
LaTeX Info: Redefining \oldstylenums on input line 266.
Package textcomp Info: Setting cmr sub-encoding to TS1/0 on input line 281.
Package textcomp Info: Setting cmss sub-encoding to TS1/0 on input line 282.
Package textcomp Info: Setting cmtt sub-encoding to TS1/0 on input line 283.
Package textcomp Info: Setting cmvtt sub-encoding to TS1/0 on input line 284.
Package textcomp Info: Setting cmbr sub-encoding to TS1/0 on input line 285.
Package textcomp Info: Setting cmtl sub-encoding to TS1/0 on input line 286.
Package textcomp Info: Setting ccr sub-encoding to TS1/0 on input line 287.
Package textcomp Info: Setting ptm sub-encoding to TS1/4 on input line 288.
Package textcomp Info: Setting pcr sub-encoding to TS1/4 on input line 289.
Package textcomp Info: Setting phv sub-encoding to TS1/4 on input line 290.
Package textcomp Info: Setting ppl sub-encoding to TS1/3 on input line 291.
Package textcomp Info: Setting pag sub-encoding to TS1/4 on input line 292.
Package textcomp Info: Setting pbk sub-encoding to TS1/4 on input line 293.
Package textcomp Info: Setting pnc sub-encoding to TS1/4 on input line 294.
Package textcomp Info: Setting pzc sub-encoding to TS1/4 on input line 295.
Package textcomp Info: Setting bch sub-encoding to TS1/4 on input line 296.
Package textcomp Info: Setting put sub-encoding to TS1/5 on input line 297.
Package textcomp Info: Setting uag sub-encoding to TS1/5 on input line 298.
Package textcomp Info: Setting ugq sub-encoding to TS1/5 on input line 299.
Package textcomp Info: Setting ul8 sub-encoding to TS1/4 on input line 300.
Package textcomp Info: Setting ul9 sub-encoding to TS1/4 on input line 301.
Package textcomp Info: Setting augie sub-encoding to TS1/5 on input line 302.
Package textcomp Info: Setting dayrom sub-encoding to TS1/3 on input line 303.
Package textcomp Info: Setting dayroms sub-encoding to TS1/3 on input line 304.

Package textcomp Info: Setting pxr sub-encoding to TS1/0 on input line 305.
Package textcomp Info: Setting pxss sub-encoding to TS1/0 on input line 306.
Package textcomp Info: Setting pxtt sub-encoding to TS1/0 on input line 307.
Package textcomp Info: Setting txr sub-encoding to TS1/0 on input line 308.
Package textcomp Info: Setting txss sub-encoding to TS1/0 on input line 309.
Package textcomp Info: Setting txtt sub-encoding to TS1/0 on input line 310.
Package textcomp Info: Setting futs sub-encoding to TS1/4 on input line 311.
Package textcomp Info: Setting futx sub-encoding to TS1/4 on input line 312.
Package textcomp Info: Setting futj sub-encoding to TS1/4 on input line 313.
Package textcomp Info: Setting hlh sub-encoding to TS1/3 on input line 314.
Package textcomp Info: Setting hls sub-encoding to TS1/3 on input line 315.
Package textcomp Info: Setting hlst sub-encoding to TS1/3 on input line 316.
Package textcomp Info: Setting hlct sub-encoding to TS1/5 on input line 317.
Package textcomp Info: Setting hlx sub-encoding to TS1/5 on input line 318.
Package textcomp Info: Setting hlce sub-encoding to TS1/5 on input line 319.
Package textcomp Info: Setting hlcn sub-encoding to TS1/5 on input line 320.
Package textcomp Info: Setting hlcw sub-encoding to TS1/5 on input line 321.
Package textcomp Info: Setting hlcf sub-encoding to TS1/5 on input line 322.
Package textcomp Info: Setting pplx sub-encoding to TS1/3 on input line 323.
Package textcomp Info: Setting pplj sub-encoding to TS1/3 on input line 324.
Package textcomp Info: Setting ptmx sub-encoding to TS1/4 on input line 325.
Package textcomp Info: Setting ptmj sub-encoding to TS1/4 on input line 326.
)
("C:\Program Files (x86)\MiKTeX 2.8\tex\latex\graphics\graphicx.sty"
Package: graphicx 1999/02/16 v1.0f Enhanced LaTeX Graphics (DPC,SPQR)

("C:\Program Files (x86)\MiKTeX 2.8\tex\latex\graphics\keyval.sty"
Package: keyval 1999/03/16 v1.13 key=value parser (DPC)
\KV@toks@=\toks19
)
("C:\Program Files (x86)\MiKTeX 2.8\tex\latex\graphics\graphics.sty"
Package: graphics 2009/02/05 v1.0o Standard LaTeX Graphics (DPC,SPQR)

("C:\Program Files (x86)\MiKTeX 2.8\tex\latex\graphics\trig.sty"
Package: trig 1999/03/16 v1.09 sin cos tan (DPC)
)
("C:\Program Files (x86)\MiKTeX 2.8\tex\latex\00miktex\graphics.cfg"
File: graphics.cfg 2007/01/18 v1.5 graphics configuration of teTeX/TeXLive
)
Package graphics Info: Driver file: pdftex.def on input line 91.

("C:\Program Files (x86)\MiKTeX 2.8\tex\latex\pdftex-def\pdftex.def"
File: pdftex.def 2009/08/25 v0.04m Graphics/color for pdfTeX
\Gread@gobject=\count100
))
\Gin@req@height=\dimen112
\Gin@req@width=\dimen113
)
("C:\Program Files (x86)\MiKTeX 2.8\tex\latex\oberdiek\epstopdf.sty"
Package: epstopdf 2009/10/17 v2.4 Conversion with epstopdf on the fly (HO)

("C:\Program Files (x86)\MiKTeX 2.8\tex\latex\oberdiek\epstopdf-base.sty"
Package: epstopdf-base 2009/10/17 v2.4 Base part for package epstopdf

("C:\Program Files (x86)\MiKTeX 2.8\tex\generic\oberdiek\infwarerr.sty"
Package: infwarerr 2007/09/09 v1.2 Providing info/warning/message (HO)
)
("C:\Program Files (x86)\MiKTeX 2.8\tex\latex\oberdiek\grfext.sty"
Package: grfext 2007/09/30 v1.0 Managing graphics extensions (HO)
)
("C:\Program Files (x86)\MiKTeX 2.8\tex\latex\oberdiek\kvoptions.sty"
Package: kvoptions 2009/08/13 v3.4 Keyval support for LaTeX options (HO)

("C:\Program Files (x86)\MiKTeX 2.8\tex\generic\oberdiek\kvsetkeys.sty"
Package: kvsetkeys 2009/07/30 v1.5 Key value parser with default handler suppor
t (HO)

("C:\Program Files (x86)\MiKTeX 2.8\tex\generic\oberdiek\etexcmds.sty"
Package: etexcmds 2007/12/12 v1.2 Prefix for e-TeX command names (HO)
Package etexcmds Info: Could not find \expanded.
(etexcmds)             That can mean that you are not using pdfTeX 1.50 or
(etexcmds)             that some package has redefined \expanded.
(etexcmds)             In the latter case, load this package earlier.
)))
("C:\Program Files (x86)\MiKTeX 2.8\tex\generic\oberdiek\pdftexcmds.sty"
Package: pdftexcmds 2009/09/23 v0.6 LuaTeX support for pdfTeX utility functions
 (HO)

("C:\Program Files (x86)\MiKTeX 2.8\tex\generic\oberdiek\ifluatex.sty"
Package: ifluatex 2009/04/17 v1.2 Provides the ifluatex switch (HO)
Package ifluatex Info: LuaTeX not detected.
)
("C:\Program Files (x86)\MiKTeX 2.8\tex\generic\oberdiek\ltxcmds.sty"
Package: ltxcmds 2009/08/05 v1.0 Some LaTeX kernel commands for general use (HO
)
)
Package pdftexcmds Info: LuaTeX not detected.
Package pdftexcmds Info: \pdf@primitive is available.
Package pdftexcmds Info: \pdf@ifprimitive is available.
)
Package grfext Info: Graphics extension search list:
(grfext)             [.png,.pdf,.jpg,.mps,.jpeg,.jbig2,.jb2,.PNG,.PDF,.JPG,.JPE
G,.JBIG2,.JB2,.eps]
(grfext)             \AppendGraphicsExtensions on input line 433.
))
("C:\Program Files (x86)\MiKTeX 2.8\tex\latex\tools\xspace.sty"
Package: xspace 2006/05/08 v1.12 Space after command names (DPC,MH)
)
("C:\Program Files (x86)\MiKTeX 2.8\tex\latex\base\inputenc.sty"
Package: inputenc 2008/03/30 v1.1d Input encoding file
\inpenc@prehook=\toks20
\inpenc@posthook=\toks21

("C:\Program Files (x86)\MiKTeX 2.8\tex\latex\base\latin1.def"
File: latin1.def 2008/03/30 v1.1d Input encoding file
))
("C:\Program Files (x86)\MiKTeX 2.8\tex\latex\float\float.sty"
Package: float 2001/11/08 v1.3d Float enhancements (AL)
\c@float@type=\count101
\float@exts=\toks22
\float@box=\box28
\@float@everytoks=\toks23
\@floatcapt=\box29
)
(C:\Users\Niklaas\AppData\Roaming\MiKTeX\2.8\tex\latex\listings\listings.sty
\lst@mode=\count102
\lst@gtempboxa=\box30
\lst@token=\toks24
\lst@length=\count103
\lst@currlwidth=\dimen114
\lst@column=\count104
\lst@pos=\count105
\lst@lostspace=\dimen115
\lst@width=\dimen116
\lst@newlines=\count106
\lst@lineno=\count107
\lst@maxwidth=\dimen117

(C:\Users\Niklaas\AppData\Roaming\MiKTeX\2.8\tex\latex\listings\lstmisc.sty
File: lstmisc.sty 2007/02/22 1.4 (Carsten Heinz)
\c@lstnumber=\count108
\lst@skipnumbers=\count109
\lst@framebox=\box31
)
(C:\Users\Niklaas\AppData\Roaming\MiKTeX\2.8\tex\latex\listings\listings.cfg
File: listings.cfg 2007/02/22 1.4 listings configuration
))
Package: listings 2007/02/22 1.4 (Carsten Heinz)

(C:\Users\Niklaas\AppData\Roaming\MiKTeX\2.8\tex\latex\natbib\natbib.sty
Package: natbib 2009/11/07 8.31a (PWD, AO)
\bibhang=\skip46
\bibsep=\skip47
LaTeX Info: Redefining \cite on input line 694.
\c@NAT@ctr=\count110
)
(C:\Users\Niklaas\AppData\Roaming\MiKTeX\2.8\tex\latex\tocbibind\tocbibind.sty
Package: tocbibind 2009/12/28 v1.5j extra ToC listings


Package tocbibind Note: The document has chapter divisions.


Package tocbibind Note: Using chapter style headings, unless overridden.

) (C:\Users\Niklaas\AppData\Roaming\MiKTeX\2.8\tex\latex\marvosym\marvosym.sty
Package: marvosym 2006/05/11 v2.1 Martin Vogel's Symbols font definitions
) (C:\Users\Niklaas\AppData\Roaming\MiKTeX\2.8\tex\latex\caption\caption2.sty
Package: caption2 2008/07/01 v2.2c Customising captions (AS)


Package caption2 Warning: ****************************************************
(caption2)                THIS PACKAGE IS OBSOLETE:
(caption2)                This package attempts to provide an `caption2'
(caption2)                package v2.0/2.1 author environment so that OLD
(caption2)                documents can be successfully processed. It should
(caption2)                NOT be used for NEW documents! New documents should
(caption2)                use the regular `caption' package v3.x instead.
(caption2)                ****************************************************

(C:\Users\Niklaas\AppData\Roaming\MiKTeX\2.8\tex\latex\caption\caption3.sty
Package: caption3 2010/01/14 v3.1m caption3 kernel (AR)
\captionmargin=\dimen118
\captionmargin@=\dimen119
\captionwidth=\dimen120
\caption@indent=\dimen121
\caption@parindent=\dimen122
\caption@hangindent=\dimen123
)
Package caption2 Info: Running in caption2 v2.0 compatibility mode on input lin
e 209.
\captionlinewidth=\dimen124
\realcaptionwidth=\dimen125
Package caption2 Info: float package v1.2 (or newer) detected on input line 318
.
)
(C:\Users\Niklaas\AppData\Roaming\MiKTeX\2.8\tex\latex\siunits\SIunits.sty
Package: SIunits 2007/12/02 v1.36 Support for the International System of units
 (MH)


\@qskwidth=\skip48
LaTeX Font Info:    Redeclaring font encoding TS1 on input line 46.
\symgreek=\mathgroup6
(C:\Users\Niklaas\AppData\Roaming\MiKTeX\2.8\tex\latex\siunits\SIunits.cfg)
LaTeX Info: Redefining \usk on input line 576.

Option `thinspace' provided!
LaTeX Info: Redefining \@qsk on input line 576.
Option `thinqspace' provided!
Option `squaren' provided!
Option `Gray' provided!
) ("C:\Program Files (x86)\MiKTeX 2.8\tex\latex\base\flafter.sty"
Package: flafter 2000/07/23 v1.2i Standard LaTeX floats after reference (FMi)
)
("C:\Program Files (x86)\MiKTeX 2.8\tex\latex\graphics\lscape.sty"
Package: lscape 2000/10/22 v3.01 Landscape Pages (DPC)
)
(C:\Users\Niklaas\AppData\Roaming\MiKTeX\2.8\tex\latex\fancyhdr\fancyhdr.sty
\fancy@headwidth=\skip49
\f@ncyO@elh=\skip50
\f@ncyO@erh=\skip51
\f@ncyO@olh=\skip52
\f@ncyO@orh=\skip53
\f@ncyO@elf=\skip54
\f@ncyO@erf=\skip55
\f@ncyO@olf=\skip56
\f@ncyO@orf=\skip57
)
("C:\Program Files (x86)\MiKTeX 2.8\tex\latex\tools\verbatim.sty"
Package: verbatim 2003/08/22 v1.5q LaTeX2e package for verbatim enhancements
\every@verbatim=\toks25
\verbatim@line=\toks26
\verbatim@in@stream=\read1
)
(C:\Users\Niklaas\AppData\Roaming\MiKTeX\2.8\tex\latex\subfigure\subfigure.sty
Package: subfigure 2002/07/30 v2.1.4 subfigure package
\subfigtopskip=\skip58
\subfigcapskip=\skip59
\subfigcaptopadj=\dimen126
\subfigbottomskip=\skip60
\subfigcapmargin=\dimen127
\subfiglabelskip=\skip61
\c@subfigure=\count111
\c@lofdepth=\count112
\c@subtable=\count113
\c@lotdepth=\count114

****************************************
* Local config file subfigure.cfg used *
****************************************
(C:\Users\Niklaas\AppData\Roaming\MiKTeX\2.8\tex\latex\subfigure\subfigure.cfg)
\subfig@top=\skip62
\subfig@bottom=\skip63
) ("C:\Program Files (x86)\MiKTeX 2.8\tex\latex\hyperref\hyperref.sty"
Package: hyperref 2009/10/19 v6.79b Hypertext links for LaTeX

("C:\Program Files (x86)\MiKTeX 2.8\tex\generic\oberdiek\ifpdf.sty"
Package: ifpdf 2009/04/10 v2.0 Provides the ifpdf switch (HO)
Package ifpdf Info: pdfTeX in pdf mode detected.
)
("C:\Program Files (x86)\MiKTeX 2.8\tex\generic\oberdiek\ifvtex.sty"
Package: ifvtex 2008/11/04 v1.4 Switches for detecting VTeX and its modes (HO)
Package ifvtex Info: VTeX not detected.
)
("C:\Program Files (x86)\MiKTeX 2.8\tex\latex\ifxetex\ifxetex.sty"
Package: ifxetex 2009/01/23 v0.5 Provides ifxetex conditional
)
("C:\Program Files (x86)\MiKTeX 2.8\tex\latex\oberdiek\hycolor.sty"
Package: hycolor 2009/10/02 v1.5 Code for color options of hyperref/bookmark (H
O)

("C:\Program Files (x86)\MiKTeX 2.8\tex\latex\oberdiek\xcolor-patch.sty"
Package: xcolor-patch 2009/10/02 xcolor patch
))
\@linkdim=\dimen128
\Hy@linkcounter=\count115
\Hy@pagecounter=\count116

("C:\Program Files (x86)\MiKTeX 2.8\tex\latex\hyperref\pd1enc.def"
File: pd1enc.def 2009/10/19 v6.79b Hyperref: PDFDocEncoding definition (HO)
)
("C:\Program Files (x86)\MiKTeX 2.8\tex\latex\00miktex\hyperref.cfg"
File: hyperref.cfg 2002/06/06 v1.2 hyperref configuration of TeXLive
)
Package hyperref Info: Hyper figures OFF on input line 2975.
Package hyperref Info: Link nesting OFF on input line 2980.
Package hyperref Info: Hyper index ON on input line 2983.
Package hyperref Info: Plain pages OFF on input line 2990.
Package hyperref Info: Backreferencing OFF on input line 2995.

Implicit mode ON; LaTeX internals redefined
Package hyperref Info: Bookmarks ON on input line 3191.
LaTeX Info: Redefining \url on input line 3428.
("C:\Program Files (x86)\MiKTeX 2.8\tex\generic\oberdiek\bitset.sty"
Package: bitset 2007/09/28 v1.0 Data type bit set (HO)

("C:\Program Files (x86)\MiKTeX 2.8\tex\generic\oberdiek\intcalc.sty"
Package: intcalc 2007/09/27 v1.1 Expandable integer calculations (HO)
)
("C:\Program Files (x86)\MiKTeX 2.8\tex\generic\oberdiek\bigintcalc.sty"
Package: bigintcalc 2007/11/11 v1.1 Expandable big integer calculations (HO)
))
\Fld@menulength=\count117
\Field@Width=\dimen129
\Fld@charsize=\dimen130
\Field@toks=\toks27
Package hyperref Info: Hyper figures OFF on input line 4377.
Package hyperref Info: Link nesting OFF on input line 4382.
Package hyperref Info: Hyper index ON on input line 4385.
Package hyperref Info: backreferencing OFF on input line 4392.
Package hyperref Info: Link coloring OFF on input line 4397.
Package hyperref Info: Link coloring with OCG OFF on input line 4402.
Package hyperref Info: PDF/A mode OFF on input line 4407.

("C:\Program Files (x86)\MiKTeX 2.8\tex\generic\oberdiek\atbegshi.sty"
Package: atbegshi 2008/07/31 v1.9 At begin shipout hook (HO)
)
\Hy@abspage=\count118
\c@Item=\count119
\c@Hfootnote=\count120
)
*hyperref using default driver hpdftex*
("C:\Program Files (x86)\MiKTeX 2.8\tex\latex\hyperref\hpdftex.def"
File: hpdftex.def 2009/10/19 v6.79b Hyperref driver for pdfTeX
\Fld@listcount=\count121
)
(C:\niklaas\java\compomics-rover\manual\rover.aux)
LaTeX Font Info:    Checking defaults for OML/cmm/m/it on input line 82.
LaTeX Font Info:    ... okay on input line 82.
LaTeX Font Info:    Checking defaults for T1/cmr/m/n on input line 82.
LaTeX Font Info:    ... okay on input line 82.
LaTeX Font Info:    Checking defaults for OT1/cmr/m/n on input line 82.
LaTeX Font Info:    ... okay on input line 82.
LaTeX Font Info:    Checking defaults for OMS/cmsy/m/n on input line 82.
LaTeX Font Info:    ... okay on input line 82.
LaTeX Font Info:    Checking defaults for OMX/cmex/m/n on input line 82.
LaTeX Font Info:    ... okay on input line 82.
LaTeX Font Info:    Checking defaults for U/cmr/m/n on input line 82.
LaTeX Font Info:    ... okay on input line 82.
LaTeX Font Info:    Checking defaults for TS1/cmr/m/n on input line 82.
LaTeX Font Info:    Try loading font information for TS1+cmr on input line 82.

("C:\Program Files (x86)\MiKTeX 2.8\tex\latex\base\ts1cmr.fd"
File: ts1cmr.fd 1999/05/25 v2.5h Standard LaTeX font definitions
)
LaTeX Font Info:    ... okay on input line 82.
LaTeX Font Info:    Checking defaults for PD1/pdf/m/n on input line 82.
LaTeX Font Info:    ... okay on input line 82.

("C:\Program Files (x86)\MiKTeX 2.8\tex\context\base\supp-pdf.tex"
[Loading MPS to PDF converter (version 2006.09.02).]
\scratchcounter=\count122
\scratchdimen=\dimen131
\scratchbox=\box32
\nofMPsegments=\count123
\nofMParguments=\count124
\everyMPshowfont=\toks28
\MPscratchCnt=\count125
\MPscratchDim=\dimen132
\MPnumerator=\count126
\everyMPtoPDFconversion=\toks29
)
\c@lstlisting=\count127
Package caption Info: Begin \AtBeginDocument code.
Package caption Info: End \AtBeginDocument code.

Option `squaren' provided! 
 Command \squaren defined by SIunits package!

Option `Gray' provided! 
 Command \Gray defined by SIunits package!

Package hyperref Info: Link coloring OFF on input line 82.
("C:\Program Files (x86)\MiKTeX 2.8\tex\latex\hyperref\nameref.sty"
Package: nameref 2007/05/29 v2.31 Cross-referencing by name of section

("C:\Program Files (x86)\MiKTeX 2.8\tex\latex\oberdiek\refcount.sty"
Package: refcount 2008/08/11 v3.1 Data extraction from references (HO)
)
\c@section@level=\count128
)
LaTeX Info: Redefining \ref on input line 82.
LaTeX Info: Redefining \pageref on input line 82.

(C:\niklaas\java\compomics-rover\manual\rover.out)
(C:\niklaas\java\compomics-rover\manual\rover.out)
\@outlinefile=\write3
\AtBeginShipoutBox=\box33

<images/VIB.pdf, id=147, 869.2475pt x 1003.75pt>
File: images/VIB.pdf Graphic file (type pdf)
 <use images/VIB.pdf>
<images/ugent.pdf, id=148, 107.9232pt x 76.3653pt>
File: images/ugent.pdf Graphic file (type pdf)
 <use images/ugent.pdf>
LaTeX Font Info:    Try loading font information for U+msa on input line 117.

("C:\Program Files (x86)\MiKTeX 2.8\tex\latex\amsfonts\umsa.fd"
File: umsa.fd 2009/06/22 v3.00 AMS symbols A
)
LaTeX Font Info:    Try loading font information for U+msb on input line 117.

("C:\Program Files (x86)\MiKTeX 2.8\tex\latex\amsfonts\umsb.fd"
File: umsb.fd 2009/06/22 v3.00 AMS symbols B
) [1



{C:/Users/Niklaas/AppData/Local/MiKTeX/2.8/pdftex/config/pdftex.map} <C:/niklaa
s/java/compomics-rover/manual/images/VIB.pdf> <C:/niklaas/java/compomics-rover/
manual/images/ugent.pdf>] (C:\niklaas\java\compomics-rover\manual\rover.tocpdfT
eX warning (ext4): destination with the same identifier (name{page.i}) has been
 already used, duplicate ignored
<to be read again> 
                   \relax 
l.67 ...rline {3.6}Protein panel}{15}{section.3.6}
                                                   [1

])
\tf@toc=\write4
 [2]
Chapter 1.

Overfull \hbox (18.89156pt too wide) in paragraph at lines 151--152
 [] \OT1/cmr/m/n/10.95 The vir-tual mem-ory that is com-mit-ted to the Rover pr
o-gram can be changed in the rover.properties
 []

[1


] [2]
Chapter 2.

! Package keyval Error: H undefined.

See the keyval package documentation for explanation.
Type  H <return>  for immediate help.
 ...                                              
                                                  
l.178 ...udegraphics[scale=0.6, H]{mutliRover.png}
                                                   is clicked a different we...

Try typing  <return>  to proceed.
If that doesn't work, type  X <return>  to quit.

<images/mutliRover.png, id=241, 16.56187pt x 16.56187pt>
File: images/mutliRover.png Graphic file (type png)

<use images/mutliRover.png>
<images/Rover_wizard_S.png, id=244, 662.475pt x 362.10281pt>
File: images/Rover_wizard_S.png Graphic file (type png)

<use images/Rover_wizard_S.png>
<images/Rover_wizard_M.png, id=245, 662.475pt x 362.10281pt>
File: images/Rover_wizard_M.png Graphic file (type png)

<use images/Rover_wizard_M.png> [3

 <C:/niklaas/java/compomics-rover/manual/images/mutliRover.png> <C:/niklaas/jav
a/compomics-rover/manual/images/Rover_wizard_S.png>]

! Package keyval Error: H undefined.

See the keyval package documentation for explanation.
Type  H <return>  for immediate help.
 ...                                              
                                                  
l.198 ...ncludegraphics[scale=0.6, H]{forward.png}
                                                   and previous \includegrap...

Try typing  <return>  to proceed.
If that doesn't work, type  X <return>  to quit.

<images/forward.png, id=256, 22.0825pt x 22.0825pt>
File: images/forward.png Graphic file (type png)
 <use images/forward.png>

! Package keyval Error: H undefined.

See the keyval package documentation for explanation.
Type  H <return>  for immediate help.
 ...                                              
                                                  
l.198 ... \includegraphics[scale=0.6, H]{back.png}
                                                   button at the lower part ...

Try typing  <return>  to proceed.
If that doesn't work, type  X <return>  to quit.

<images/back.png, id=257, 22.0825pt x 22.0825pt>
File: images/back.png Graphic file (type png)
 <use images/back.png>
<images/Rover_wizard_-_step_1_S.png, id=260, 662.475pt x 362.10281pt>
File: images/Rover_wizard_-_step_1_S.png Graphic file (type png)

<use images/Rover_wizard_-_step_1_S.png>
<images/Rover_wizard_-_step_1_M.png, id=261, 662.475pt x 362.10281pt>
File: images/Rover_wizard_-_step_1_M.png Graphic file (type png)

<use images/Rover_wizard_-_step_1_M.png> [4 <C:/niklaas/java/compomics-rover/ma
nual/images/Rover_wizard_M.png> <C:/niklaas/java/compomics-rover/manual/images/
forward.png> <C:/niklaas/java/compomics-rover/manual/images/back.png> <C:/nikla
as/java/compomics-rover/manual/images/Rover_wizard_-_step_1_S.png>]
Overfull \hbox (46.14845pt too wide) in paragraph at lines 224--225
[]
 []

[5 <C:/niklaas/java/compomics-rover/manual/images/Rover_wizard_-_step_1_M.png>]
<images/Rover_wizard_-_step_2_S.png, id=290, 654.19406pt x 350.81062pt>
File: images/Rover_wizard_-_step_2_S.png Graphic file (type png)

<use images/Rover_wizard_-_step_2_S.png>
<images/wizardDb.png, id=292, 356.83313pt x 196.48407pt>
File: images/wizardDb.png Graphic file (type png)

<use images/wizardDb.png> [6 <C:/niklaas/java/compomics-rover/manual/images/Rov
er_wizard_-_step_2_S.png> <C:/niklaas/java/compomics-rover/manual/images/wizard
Db.png>]
<images/Rover_wizard_-_step_2_DB.png, id=305, 662.475pt x 362.10281pt>
File: images/Rover_wizard_-_step_2_DB.png Graphic file (type png)

<use images/Rover_wizard_-_step_2_DB.png>
<images/Rover_wizard_-_step_3_S.png, id=307, 662.475pt x 362.10281pt>
File: images/Rover_wizard_-_step_3_S.png Graphic file (type png)

<use images/Rover_wizard_-_step_3_S.png> [7 <C:/niklaas/java/compomics-rover/ma
nual/images/Rover_wizard_-_step_2_DB.png> <C:/niklaas/java/compomics-rover/manu
al/images/Rover_wizard_-_step_3_S.png>]

! Package keyval Error: H undefined.

See the keyval package documentation for explanation.
Type  H <return>  for immediate help.
 ...                                              
                                                  
l.299 ...includegraphics[scale=0.6, H]{finish.png}
                                                   is clicked (see figure \r...

Try typing  <return>  to proceed.
If that doesn't work, type  X <return>  to quit.

<images/finish.png, id=323, 22.0825pt x 22.0825pt>
File: images/finish.png Graphic file (type png)
 <use images/finish.png>
<images/Rover_wizard_-_step_4_S.png, id=327, 662.475pt x 362.10281pt>
File: images/Rover_wizard_-_step_4_S.png Graphic file (type png)

<use images/Rover_wizard_-_step_4_S.png> [8 <C:/niklaas/java/compomics-rover/ma
nual/images/finish.png>]
<images/Rover_wizard_-_step_4_M.png, id=342, 662.475pt x 362.10281pt>
File: images/Rover_wizard_-_step_4_M.png Graphic file (type png)

<use images/Rover_wizard_-_step_4_M.png>
<images/Rover_wizard_-_step_5_M.png, id=344, 662.475pt x 362.10281pt>
File: images/Rover_wizard_-_step_5_M.png Graphic file (type png)

<use images/Rover_wizard_-_step_5_M.png> [9 <C:/niklaas/java/compomics-rover/ma
nual/images/Rover_wizard_-_step_4_S.png> <C:/niklaas/java/compomics-rover/manua
l/images/Rover_wizard_-_step_4_M.png>]
<images/Rover_wizard_-_step_6_1.png, id=355, 662.475pt x 362.10281pt>
File: images/Rover_wizard_-_step_6_1.png Graphic file (type png)

<use images/Rover_wizard_-_step_6_1.png>
<images/Rover_wizard_-_step_6_2.png, id=356, 662.475pt x 362.10281pt>
File: images/Rover_wizard_-_step_6_2.png Graphic file (type png)

<use images/Rover_wizard_-_step_6_2.png> [10 <C:/niklaas/java/compomics-rover/m
anual/images/Rover_wizard_-_step_5_M.png> <C:/niklaas/java/compomics-rover/manu
al/images/Rover_wizard_-_step_6_1.png>]
<images/Rover_wizard_-_step_7.png, id=371, 662.475pt x 362.10281pt>
File: images/Rover_wizard_-_step_7.png Graphic file (type png)

<use images/Rover_wizard_-_step_7.png>
<images/matcher_S.png, id=372, 474.27188pt x 249.18094pt>
File: images/matcher_S.png Graphic file (type png)

<use images/matcher_S.png>
<images/Rover_wizard_-_step_8.png, id=373, 662.475pt x 362.10281pt>
File: images/Rover_wizard_-_step_8.png Graphic file (type png)

<use images/Rover_wizard_-_step_8.png> [11 <C:/niklaas/java/compomics-rover/man
ual/images/Rover_wizard_-_step_6_2.png> <C:/niklaas/java/compomics-rover/manual
/images/Rover_wizard_-_step_7.png> <C:/niklaas/java/compomics-rover/manual/imag
es/matcher_S.png>] [12 <C:/niklaas/java/compomics-rover/manual/images/Rover_wiz
ard_-_step_8.png>]
Chapter 3.
<images/Rover_S.png, id=391, 963.6pt x 587.94656pt>
File: images/Rover_S.png Graphic file (type png)
 <use images/Rover_S.png>
[13

] <images/Rover_M.png, id=398, 963.6pt x 587.94656pt>
File: images/Rover_M.png Graphic file (type png)

<use images/Rover_M.png> [14 <C:/niklaas/java/compomics-rover/manual/images/Rov
er_S.png> <C:/niklaas/java/compomics-rover/manual/images/Rover_M.png>]

! Package keyval Error: H undefined.

See the keyval package documentation for explanation.
Type  H <return>  for immediate help.
 ...                                              
                                                  
l.418 ...graphics[scale=0.6, H]{thumbsDownRed.png}
                                                   The protein is \textit{no...

Try typing  <return>  to proceed.
If that doesn't work, type  X <return>  to quit.

<images/thumbsDownRed.png, id=409, 13.85175pt x 18.0675pt>
File: images/thumbsDownRed.png Graphic file (type png)

<use images/thumbsDownRed.png>

! Package keyval Error: H undefined.

See the keyval package documentation for explanation.
Type  H <return>  for immediate help.
 ...                                              
                                                  
l.419 ...degraphics[scale=0.6, H]{thumbsUpRed.png}
                                                   The protein is \textit{se...

Try typing  <return>  to proceed.
If that doesn't work, type  X <return>  to quit.

<images/thumbsUpRed.png, id=410, 13.85175pt x 18.0675pt>
File: images/thumbsUpRed.png Graphic file (type png)

<use images/thumbsUpRed.png>

! Package keyval Error: H undefined.

See the keyval package documentation for explanation.
Type  H <return>  for immediate help.
 ...                                              
                                                  
l.420 ...aphics[scale=0.6, H]{thumbsDownGreen.png}
                                                   The protein is \textit{no...

Try typing  <return>  to proceed.
If that doesn't work, type  X <return>  to quit.

<images/thumbsDownGreen.png, id=411, 13.85175pt x 18.0675pt>
File: images/thumbsDownGreen.png Graphic file (type png)

<use images/thumbsDownGreen.png>

! Package keyval Error: H undefined.

See the keyval package documentation for explanation.
Type  H <return>  for immediate help.
 ...                                              
                                                  
l.421 ...graphics[scale=0.6, H]{thumbsUpGreen.png}
                                                   The protein is \textit{se...

Try typing  <return>  to proceed.
If that doesn't work, type  X <return>  to quit.

<images/thumbsUpGreen.png, id=412, 13.85175pt x 18.0675pt>
File: images/thumbsUpGreen.png Graphic file (type png)

<use images/thumbsUpGreen.png>

! Package keyval Error: H undefined.

See the keyval package documentation for explanation.
Type  H <return>  for immediate help.
 ...                                              
                                                  
l.429 ...ncludegraphics[scale=0.6, H]{viewAll.png}
                                                   When this button is click...

Try typing  <return>  to proceed.
If that doesn't work, type  X <return>  to quit.

<images/viewAll.png, id=413, 21.07875pt x 21.07875pt>
File: images/viewAll.png Graphic file (type png)
 <use images/viewAll.png>

! Package keyval Error: H undefined.

See the keyval package documentation for explanation.
Type  H <return>  for immediate help.
 ...                                              
                                                  
l.430 ...graphics[scale=0.6, H]{viewSelection.png}
                                                   When this button is click...

Try typing  <return>  to proceed.
If that doesn't work, type  X <return>  to quit.

<images/viewSelection.png, id=414, 21.07875pt x 21.07875pt>
File: images/viewSelection.png Graphic file (type png)

<use images/viewSelection.png>

! Package keyval Error: H undefined.

See the keyval package documentation for explanation.
Type  H <return>  for immediate help.
 ...                                              
                                                  
l.431 ... \includegraphics[scale=0.6, H]{plus.png}
                                                   When this button is click...

Try typing  <return>  to proceed.
If that doesn't work, type  X <return>  to quit.

<images/plus.png, id=415, 21.07875pt x 21.07875pt>
File: images/plus.png Graphic file (type png)
 <use images/plus.png>

! Package keyval Error: H undefined.

See the keyval package documentation for explanation.
Type  H <return>  for immediate help.
 ...                                              
                                                  
l.432 ...m \includegraphics[scale=0.6, H]{min.png}
                                                   When this button is click...

Try typing  <return>  to proceed.
If that doesn't work, type  X <return>  to quit.

<images/min.png, id=416, 21.07875pt x 21.07875pt>
File: images/min.png Graphic file (type png)
 <use images/min.png>
<images/proteinBar.png, id=419, 456.5055pt x 50.589pt>
File: images/proteinBar.png Graphic file (type png)

<use images/proteinBar.png>
Overfull \hbox (1.2603pt too wide) in paragraph at lines 444--445
 [] 
 []

[15 <C:/niklaas/java/compomics-rover/manual/images/thumbsDownRed.png> <C:/nikla
as/java/compomics-rover/manual/images/thumbsUpRed.png> <C:/niklaas/java/compomi
cs-rover/manual/images/thumbsDownGreen.png> <C:/niklaas/java/compomics-rover/ma
nual/images/thumbsUpGreen.png> <C:/niklaas/java/compomics-rover/manual/images/v
iewAll.png (PNG copy)> <C:/niklaas/java/compomics-rover/manual/images/viewSelec
tion.png (PNG copy)> <C:/niklaas/java/compomics-rover/manual/images/plus.png (P
NG copy)> <C:/niklaas/java/compomics-rover/manual/images/min.png (PNG copy)> <C
:/niklaas/java/compomics-rover/manual/images/proteinBar.png>]
! Undefined control sequence.
l.452 ... were calculated (ex. iTRAQ \textrademark
                                                  ) for the peptides, multip...
The control sequence at the end of the top line
of your error message was never \def'ed. If you have
misspelled it (e.g., `\hobx'), type `I' and the correct
spelling (e.g., `I\hbox'). Otherwise just continue,
and I'll forget about whatever was undefined.

<images/Filter_S.png, id=440, 624.83438pt x 746.03719pt>
File: images/Filter_S.png Graphic file (type png)

<use images/Filter_S.png>

! LaTeX Error: There's no line here to end.

See the LaTeX manual or LaTeX Companion for explanation.
Type  H <return>  for immediate help.
 ...                                              
                                                  
l.471 \textbf
             {Number of identifications for protein \textgreater \ $\bigstar$}
Your command was ignored.
Type  I <command> <return>  to replace it with another command,
or  <return>  to continue without it.

[16]
LaTeX Font Info:    Try loading font information for OML+cmr on input line 471.

 ("C:\Program Files (x86)\MiKTeX 2.8\tex\latex\base\omlcmr.fd"
File: omlcmr.fd 1999/05/25 v2.5h Standard LaTeX font definitions
)
LaTeX Font Info:    Font shape `OML/cmr/bx/n' in size <10.95> not available
(Font)              Font shape `OML/cmm/b/it' tried instead on input line 471.


! LaTeX Error: There's no line here to end.

See the LaTeX manual or LaTeX Companion for explanation.
Type  H <return>  for immediate help.
 ...                                              
                                                  
l.476 \textbf
             {Number of different identified peptides for protein \textgreat...

Your command was ignored.
Type  I <command> <return>  to replace it with another command,
or  <return>  to continue without it.


! LaTeX Error: There's no line here to end.

See the LaTeX manual or LaTeX Companion for explanation.
Type  H <return>  for immediate help.
 ...                                              
                                                  
l.480 \textbf
             {Peptide ratio for type A \textgreater \ $\bigstar$}
Your command was ignored.
Type  I <command> <return>  to replace it with another command,
or  <return>  to continue without it.


! LaTeX Error: There's no line here to end.

See the LaTeX manual or LaTeX Companion for explanation.
Type  H <return>  for immediate help.
 ...                                              
                                                  
l.484 \textbf
             {Peptide ratio for type A \textless \ $\bigstar$}
Your command was ignored.
Type  I <command> <return>  to replace it with another command,
or  <return>  to continue without it.


! LaTeX Error: There's no line here to end.

See the LaTeX manual or LaTeX Companion for explanation.
Type  H <return>  for immediate help.
 ...                                              
                                                  
l.488 \textbf
             {Filter proteins with a peptide with absolute intensity for com...

Your command was ignored.
Type  I <command> <return>  to replace it with another command,
or  <return>  to continue without it.


! LaTeX Error: There's no line here to end.

See the LaTeX manual or LaTeX Companion for explanation.
Type  H <return>  for immediate help.
 ...                                              
                                                  
l.492 \textbf
             {Find proteins with a peptide ratio, protein mean difference gr...

Your command was ignored.
Type  I <command> <return>  to replace it with another command,
or  <return>  to continue without it.

[17 <C:/niklaas/java/compomics-rover/manual/images/Filter_S.png>]

! LaTeX Error: There's no line here to end.

See the LaTeX manual or LaTeX Companion for explanation.
Type  H <return>  for immediate help.
 ...                                              
                                                  
l.496 \textbf
             {Find proteins with ratio that have a Z-score (significance) th...

Your command was ignored.
Type  I <command> <return>  to replace it with another command,
or  <return>  to continue without it.


! LaTeX Error: There's no line here to end.

See the LaTeX manual or LaTeX Companion for explanation.
Type  H <return>  for immediate help.
 ...                                              
                                                  
l.500 \textbf
             {Find proteins with ratio that have a Z-score (significance) th...

Your command was ignored.
Type  I <command> <return>  to replace it with another command,
or  <return>  to continue without it.


! LaTeX Error: There's no line here to end.

See the LaTeX manual or LaTeX Companion for explanation.
Type  H <return>  for immediate help.
 ...                                              
                                                  
l.504 \textbf
             {Find ratios with comments}
Your command was ignored.
Type  I <command> <return>  to replace it with another command,
or  <return>  to continue without it.


! LaTeX Error: There's no line here to end.

See the LaTeX manual or LaTeX Companion for explanation.
Type  H <return>  for immediate help.
 ...                                              
                                                  
l.508 \textbf
             {Find peptides with peptide containing $\bigstar$}
Your command was ignored.
Type  I <command> <return>  to replace it with another command,
or  <return>  to continue without it.


! LaTeX Error: There's no line here to end.

See the LaTeX manual or LaTeX Companion for explanation.
Type  H <return>  for immediate help.
 ...                                              
                                                  
l.512 \textbf
             {Find peptides with peptide ending on $\bigstar$}
Your command was ignored.
Type  I <command> <return>  to replace it with another command,
or  <return>  to continue without it.


! LaTeX Error: There's no line here to end.

See the LaTeX manual or LaTeX Companion for explanation.
Type  H <return>  for immediate help.
 ...                                              
                                                  
l.516 \textbf
             {Find peptides with peptide starting on $\bigstar$}
Your command was ignored.
Type  I <command> <return>  to replace it with another command,
or  <return>  to continue without it.


! LaTeX Error: There's no line here to end.

See the LaTeX manual or LaTeX Companion for explanation.
Type  H <return>  for immediate help.
 ...                                              
                                                  
l.520 \textbf
             {Find peptides with peptide starting after $\bigstar$}
Your command was ignored.
Type  I <command> <return>  to replace it with another command,
or  <return>  to continue without it.


! LaTeX Error: There's no line here to end.

See the LaTeX manual or LaTeX Companion for explanation.
Type  H <return>  for immediate help.
 ...                                              
                                                  
l.524 \textbf
             {Find peptides with peptide ending before $\bigstar$}
Your command was ignored.
Type  I <command> <return>  to replace it with another command,
or  <return>  to continue without it.


! LaTeX Error: There's no line here to end.

See the LaTeX manual or LaTeX Companion for explanation.
Type  H <return>  for immediate help.
 ...                                              
                                                  
l.528 \textbf
             {Find peptides with N-terminal modification $\bigstar$}
Your command was ignored.
Type  I <command> <return>  to replace it with another command,
or  <return>  to continue without it.


! LaTeX Error: There's no line here to end.

See the LaTeX manual or LaTeX Companion for explanation.
Type  H <return>  for immediate help.
 ...                                              
                                                  
l.532 \textbf
             {Protein has invalid ratios}
Your command was ignored.
Type  I <command> <return>  to replace it with another command,
or  <return>  to continue without it.


! LaTeX Error: There's no line here to end.

See the LaTeX manual or LaTeX Companion for explanation.
Type  H <return>  for immediate help.
 ...                                              
                                                  
l.536 \textbf
             {Protein mean for type A \textgreater \ $\bigstar$}
Your command was ignored.
Type  I <command> <return>  to replace it with another command,
or  <return>  to continue without it.

[18]
! Extra }, or forgotten \endgroup.
l.537 \begin{quotation}}
                        A protein will be filtered if the protein mean for A...
I've deleted a group-closing symbol because it seems to be
spurious, as in `$x}$'. But perhaps the } is legitimate and
you forgot something else, as in `\hbox{$x}'. In such cases
the way to recover is to insert both the forgotten and the
deleted material, e.g., by typing `I$}'.


! LaTeX Error: There's no line here to end.

See the LaTeX manual or LaTeX Companion for explanation.
Type  H <return>  for immediate help.
 ...                                              
                                                  
l.540 \textbf
             {Protein mean for type ratiotype \textless \ $\bigstar$}
Your command was ignored.
Type  I <command> <return>  to replace it with another command,
or  <return>  to continue without it.


! LaTeX Error: There's no line here to end.

See the LaTeX manual or LaTeX Companion for explanation.
Type  H <return>  for immediate help.
 ...                                              
                                                  
l.544 \textbf
             {Find protein with accession: $\bigstar$}
Your command was ignored.
Type  I <command> <return>  to replace it with another command,
or  <return>  to continue without it.


! LaTeX Error: There's no line here to end.

See the LaTeX manual or LaTeX Companion for explanation.
Type  H <return>  for immediate help.
 ...                                              
                                                  
l.548 \textbf
             {Find validated proteins}
Your command was ignored.
Type  I <command> <return>  to replace it with another command,
or  <return>  to continue without it.


! LaTeX Error: There's no line here to end.

See the LaTeX manual or LaTeX Companion for explanation.
Type  H <return>  for immediate help.
 ...                                              
                                                  
l.552 \textbf
             {Find proteins with a comment}
Your command was ignored.
Type  I <command> <return>  to replace it with another command,
or  <return>  to continue without it.


! LaTeX Error: There's no line here to end.

See the LaTeX manual or LaTeX Companion for explanation.
Type  H <return>  for immediate help.
 ...                                              
                                                  
l.556 
      
Your command was ignored.
Type  I <command> <return>  to replace it with another command,
or  <return>  to continue without it.

[19]

! Package keyval Error: H undefined.

See the keyval package documentation for explanation.
Type  H <return>  for immediate help.
 ...                                              
                                                  
l.585 ...includegraphics[scale=0.6, H]{pencil.png}
                                                  . This comment will append...

Try typing  <return>  to proceed.
If that doesn't work, type  X <return>  to quit.

<images/pencil.png, id=477, 16.06pt x 16.06pt>
File: images/pencil.png Graphic file (type png)
 <use images/pencil.png>

! Package keyval Error: H undefined.

See the keyval package documentation for explanation.
Type  H <return>  for immediate help.
 ...                                              
                                                  
l.589 ... \includegraphics[scale=0.6, H]{hide.png}
                                                   or can be revealed again ...

Try typing  <return>  to proceed.
If that doesn't work, type  X <return>  to quit.

<images/hide.png, id=480, 16.06pt x 16.06pt>
File: images/hide.png Graphic file (type png)
 <use images/hide.png>

! Package keyval Error: H undefined.

See the keyval package documentation for explanation.
Type  H <return>  for immediate help.
 ...                                              
                                                  
l.589 ... \includegraphics[scale=0.6, H]{show.png}
                                                  .
Try typing  <return>  to proceed.
If that doesn't work, type  X <return>  to quit.

<images/show.png, id=481, 9.636pt x 9.636pt>
File: images/show.png Graphic file (type png)
 <use images/show.png>

! Package keyval Error: H undefined.

See the keyval package documentation for explanation.
Type  H <return>  for immediate help.
 ...                                              
                                                  
l.591 ... \includegraphics[scale=0.6, H]{info.png}
                                                   button. When this button ...

Try typing  <return>  to proceed.
If that doesn't work, type  X <return>  to quit.

<images/info.png, id=482, 13.2495pt x 13.2495pt>
File: images/info.png Graphic file (type png)
 <use images/info.png> [20 <C:/niklaas/java/compomics-rover/manual/images/penci
l.png> <C:/niklaas/java/compomics-rover/manual/images/hide.png> <C:/niklaas/jav
a/compomics-rover/manual/images/show.png>]

! Package keyval Error: H undefined.

See the keyval package documentation for explanation.
Type  H <return>  for immediate help.
 ...                                              
                                                  
l.596 ... \includegraphics[scale=0.6, H]{info.png}
                                                   button. If a ratio is inv...

Try typing  <return>  to proceed.
If that doesn't work, type  X <return>  to quit.

File: images/info.png Graphic file (type png)
<use images/info.png>
<images/moreinfopanel.png, id=507, 480.5955pt x 378.81525pt>
File: images/moreinfopanel.png Graphic file (type png)

<use images/moreinfopanel.png> [21 <C:/niklaas/java/compomics-rover/manual/imag
es/info.png>]

! Package keyval Error: H undefined.

See the keyval package documentation for explanation.
Type  H <return>  for immediate help.
 ...                                              
                                                  
l.632 ...egraphics[scale=0.6, H]{setValidated.png}
                                                   When this button is pushe...

Try typing  <return>  to proceed.
If that doesn't work, type  X <return>  to quit.

<images/setValidated.png, id=521, 57.816pt x 19.272pt>
File: images/setValidated.png Graphic file (type png)

<use images/setValidated.png>

! Package keyval Error: H undefined.

See the keyval package documentation for explanation.
Type  H <return>  for immediate help.
 ...                                              
                                                  
l.633 ...aphics[scale=0.6, H]{setNotValidated.png}
                                                   When this button is pushe...

Try typing  <return>  to proceed.
If that doesn't work, type  X <return>  to quit.

<images/setNotValidated.png, id=522, 57.816pt x 19.272pt>
File: images/setNotValidated.png Graphic file (type png)

<use images/setNotValidated.png>

! Package keyval Error: H undefined.

See the keyval package documentation for explanation.
Type  H <return>  for immediate help.
 ...                                              
                                                  
l.634 ...cludegraphics[scale=0.6, H]{homepage.png}
                                                   When this button is pushe...

Try typing  <return>  to proceed.
If that doesn't work, type  X <return>  to quit.

<images/homepage.png, id=523, 32.12pt x 32.12pt>
File: images/homepage.png Graphic file (type png)
 <use images/homepage.png>

! Package keyval Error: H undefined.

See the keyval package documentation for explanation.
Type  H <return>  for immediate help.
 ...                                              
                                                  
l.635 ...ncludegraphics[scale=0.6, H]{isoform.png}
                                                   When this button is pushe...

Try typing  <return>  to proceed.
If that doesn't work, type  X <return>  to quit.

<images/isoform.png, id=524, 38.544pt x 19.272pt>
File: images/isoform.png Graphic file (type png)
 <use images/isoform.png>

! Package keyval Error: H undefined.

See the keyval package documentation for explanation.
Type  H <return>  for immediate help.
 ...                                              
                                                  
l.636 ...egraphics[scale=0.6, H]{addSelection.png}
                                                   When this button is pushe...

Try typing  <return>  to proceed.
If that doesn't work, type  X <return>  to quit.

<images/addSelection.png, id=526, 48.18pt x 18.0675pt>
File: images/addSelection.png Graphic file (type png)

<use images/addSelection.png>

! Package keyval Error: H undefined.

See the keyval package documentation for explanation.
Type  H <return>  for immediate help.
 ...                                              
                                                  
l.637 ...aphics[scale=0.6, H]{deleteSelection.png}
                                                   When this button is pushe...

Try typing  <return>  to proceed.
If that doesn't work, type  X <return>  to quit.

<images/deleteSelection.png, id=527, 48.18pt x 18.0675pt>
File: images/deleteSelection.png Graphic file (type png)

<use images/deleteSelection.png> [22 <C:/niklaas/java/compomics-rover/manual/im
ages/moreinfopanel.png> <C:/niklaas/java/compomics-rover/manual/images/setValid
ated.png (PNG copy)> <C:/niklaas/java/compomics-rover/manual/images/setNotValid
ated.png (PNG copy)> <C:/niklaas/java/compomics-rover/manual/images/homepage.pn
g> <C:/niklaas/java/compomics-rover/manual/images/isoform.png (PNG copy)> <C:/n
iklaas/java/compomics-rover/manual/images/addSelection.png (PNG copy)> <C:/nikl
aas/java/compomics-rover/manual/images/deleteSelection.png (PNG copy)>]

! Package keyval Error: H undefined.

See the keyval package documentation for explanation.
Type  H <return>  for immediate help.
 ...                                              
                                                  
l.644 ...includegraphics[scale=0.6, H]{wizard.png}
                                                   When this button is pushe...

Try typing  <return>  to proceed.
If that doesn't work, type  X <return>  to quit.

<images/wizard.png, id=541, 32.12pt x 32.12pt>
File: images/wizard.png Graphic file (type png)
 <use images/wizard.png>

! Package keyval Error: H undefined.

See the keyval package documentation for explanation.
Type  H <return>  for immediate help.
 ...                                              
                                                  
l.645 ... \includegraphics[scale=0.6, H]{misc.png}
                                                   When this button is pushe...

Try typing  <return>  to proceed.
If that doesn't work, type  X <return>  to quit.

<images/misc.png, id=543, 32.12pt x 32.12pt>
File: images/misc.png Graphic file (type png)
 <use images/misc.png>

! Package keyval Error: H undefined.

See the keyval package documentation for explanation.
Type  H <return>  for immediate help.
 ...                                              
                                                  
l.646 ...ludegraphics[scale=0.6, H]{misc_info.png}
                                                   When this button is pushe...

Try typing  <return>  to proceed.
If that doesn't work, type  X <return>  to quit.

<images/misc_info.png, id=545, 19.272pt x 19.272pt>
File: images/misc_info.png Graphic file (type png)
 <use images/misc_info.png>

! Package keyval Error: H undefined.

See the keyval package documentation for explanation.
Type  H <return>  for immediate help.
 ...                                              
                                                  
l.647 ...m \includegraphics[scale=0.6, H]{log.png}
                                                   When this button is pushe...

Try typing  <return>  to proceed.
If that doesn't work, type  X <return>  to quit.

<images/log.png, id=546, 32.12pt x 32.12pt>
File: images/log.png Graphic file (type png)
 <use images/log.png>

! Package keyval Error: H undefined.

See the keyval package documentation for explanation.
Type  H <return>  for immediate help.
 ...                                              
                                                  
l.648 ...degraphics[scale=0.6, H]{edu_science.png}
                                                   When this button is pushe...

Try typing  <return>  to proceed.
If that doesn't work, type  X <return>  to quit.

<images/edu_science.png, id=547, 32.12pt x 32.12pt>
File: images/edu_science.png Graphic file (type png)

<use images/edu_science.png>

! Package keyval Error: H undefined.

See the keyval package documentation for explanation.
Type  H <return>  for immediate help.
 ...                                              
                                                  
l.649 ...cludegraphics[scale=0.6, H]{filesave.png}
                                                   When this button is pushe...

Try typing  <return>  to proceed.
If that doesn't work, type  X <return>  to quit.

<images/filesave.png, id=549, 32.12pt x 32.12pt>
File: images/filesave.png Graphic file (type png)
 <use images/filesave.png>

! Package keyval Error: H undefined.

See the keyval package documentation for explanation.
Type  H <return>  for immediate help.
 ...                                              
                                                  
l.650 ...\includegraphics[scale=0.6, H]{rover.png}
                                                   When this button is pushe...

Try typing  <return>  to proceed.
If that doesn't work, type  X <return>  to quit.

<images/rover.png, id=551, 21.07875pt x 21.07875pt>
File: images/rover.png Graphic file (type png)
 <use images/rover.png>
! Missing $ inserted.
<inserted text> 
                $
l.651 \item A check box controls the state (\log
                                                $_{2}$ or normal value pepti...
I've inserted a begin-math/end-math symbol since I think
you left one out. Proceed, with fingers crossed.

! Missing $ inserted.
<inserted text> 
                $
l.651 \item A check box controls the state (\log$_
                                                  {2}$ or normal value pepti...
I've inserted a begin-math/end-math symbol since I think
you left one out. Proceed, with fingers crossed.

[23 <C:/niklaas/java/compomics-rover/manual/images/wizard.png> <C:/niklaas/java
/compomics-rover/manual/images/misc.png> <C:/niklaas/java/compomics-rover/manua
l/images/misc_info.png> <C:/niklaas/java/compomics-rover/manual/images/log.png>
 <C:/niklaas/java/compomics-rover/manual/images/edu_science.png> <C:/niklaas/ja
va/compomics-rover/manual/images/filesave.png> <C:/niklaas/java/compomics-rover
/manual/images/rover.png (PNG copy)>]

! Package keyval Error: H undefined.

See the keyval package documentation for explanation.
Type  H <return>  for immediate help.
 ...                                              
                                                  
l.663 ...  \includegraphics[scale=0.6, H]{pdf.png}
                                                   When this button is pushe...

Try typing  <return>  to proceed.
If that doesn't work, type  X <return>  to quit.

<images/pdf.png, id=565, 21.07875pt x 21.07875pt>
File: images/pdf.png Graphic file (type png)
 <use images/pdf.png>
! Extra }, or forgotten \endgroup.
l.663 ...rotein panel (see \ref{proteinInfoPanel}}
                                                  ) will be written in a \te...
I've deleted a group-closing symbol because it seems to be
spurious, as in `$x}$'. But perhaps the } is legitimate and
you forgot something else, as in `\hbox{$x}'. In such cases
the way to recover is to insert both the forgotten and the
deleted material, e.g., by typing `I$}'.


! Package keyval Error: H undefined.

See the keyval package documentation for explanation.
Type  H <return>  for immediate help.
 ...                                              
                                                  
l.664 ...  \includegraphics[scale=0.6, H]{csv.png}
                                                   When this button is pushe...

Try typing  <return>  to proceed.
If that doesn't work, type  X <return>  to quit.

<images/csv.png, id=569, 21.07875pt x 21.07875pt>
File: images/csv.png Graphic file (type png)
 <use images/csv.png>

! Package keyval Error: H undefined.

See the keyval package documentation for explanation.
Type  H <return>  for immediate help.
 ...                                              
                                                  
l.665 ...degraphics[scale=0.6, H]{csv_protein.png}
                                                   When this button is pushe...

Try typing  <return>  to proceed.
If that doesn't work, type  X <return>  to quit.

<images/csv_protein.png, id=570, 21.07875pt x 21.07875pt>
File: images/csv_protein.png Graphic file (type png)

<use images/csv_protein.png>

! Package keyval Error: H undefined.

See the keyval package documentation for explanation.
Type  H <return>  for immediate help.
 ...                                              
                                                  
l.666 ...\includegraphics[scale=0.6, H]{rover.png}
                                                   When this button is pushe...

Try typing  <return>  to proceed.
If that doesn't work, type  X <return>  to quit.

File: images/rover.png Graphic file (type png)
<use images/rover.png>
<images/save_panel.png, id=572, 474.27188pt x 249.18094pt>
File: images/save_panel.png Graphic file (type png)

<use images/save_panel.png> [24 <C:/niklaas/java/compomics-rover/manual/images/
pdf.png (PNG copy)> <C:/niklaas/java/compomics-rover/manual/images/csv.png (PNG
 copy)> <C:/niklaas/java/compomics-rover/manual/images/csv_protein.png> <C:/nik
laas/java/compomics-rover/manual/images/save_panel.png>]
Chapter 4.
! Missing $ inserted.
<inserted text> 
                $
l.693 ...ut the median is used as the average \log
                                                   $_{2}$ peptide ratio valu...
I've inserted a begin-math/end-math symbol since I think
you left one out. Proceed, with fingers crossed.

! Missing $ inserted.
<inserted text> 
                $
l.693 ...the median is used as the average \log $_
                                                  {2}$ peptide ratio value f...
I've inserted a begin-math/end-math symbol since I think
you left one out. Proceed, with fingers crossed.

! Missing $ inserted.
<inserted text> 
                $
l.693 ...as measure of the variability of the \log
                                                   $_{2}$ peptide ratios in ...
I've inserted a begin-math/end-math symbol since I think
you left one out. Proceed, with fingers crossed.

! Missing $ inserted.
<inserted text> 
                $
l.693 ...measure of the variability of the \log $_
                                                  {2}$ peptide ratios in the...
I've inserted a begin-math/end-math symbol since I think
you left one out. Proceed, with fingers crossed.

! Missing $ inserted.
<inserted text> 
                $
l.695 ...lated by a Huber's M-estimation. The \log
                                                   $_{2}$ peptide ratios wil...
I've inserted a begin-math/end-math symbol since I think
you left one out. Proceed, with fingers crossed.

! Missing $ inserted.
<inserted text> 
                $
l.695 ...ed by a Huber's M-estimation. The \log $_
                                                  {2}$ peptide ratios will b...
I've inserted a begin-math/end-math symbol since I think
you left one out. Proceed, with fingers crossed.

! Missing $ inserted.
<inserted text> 
                $
l.695 ... winsorisation. In this process, the \log
                                                   $_{2}$ peptide ratios wit...
I've inserted a begin-math/end-math symbol since I think
you left one out. Proceed, with fingers crossed.

! Missing $ inserted.
<inserted text> 
                $
l.695 ...nsorisation. In this process, the \log $_
                                                  {2}$ peptide ratios with a...
I've inserted a begin-math/end-math symbol since I think
you left one out. Proceed, with fingers crossed.


LaTeX Warning: Command \textless invalid in math mode on input line 698.

LaTeX Font Info:    Font shape `OML/cmr/m/n' in size <10.95> not available
(Font)              Font shape `OML/cmm/m/it' tried instead on input line 698.

LaTeX Warning: Command \textless invalid in math mode on input line 698.


LaTeX Warning: Command \textgreater invalid in math mode on input line 702.


LaTeX Warning: Command \textgreater invalid in math mode on input line 702.

! Missing $ inserted.
<inserted text> 
                $
l.716 ... the measured standard deviation for \log
                                                  $_{2}$ scale ratios of pep...
I've inserted a begin-math/end-math symbol since I think
you left one out. Proceed, with fingers crossed.

! Missing $ inserted.
<inserted text> 
                $
l.716 ...he measured standard deviation for \log$_
                                                  {2}$ scale ratios of pepti...
I've inserted a begin-math/end-math symbol since I think
you left one out. Proceed, with fingers crossed.

[25

] <images/distribution.png, id=606, 618.31pt x 413.545pt>
File: images/distribution.png Graphic file (type png)

<use images/distribution.png> [26 <C:/niklaas/java/compomics-rover/manual/image
s/distribution.png>]
Chapter 5.

! Package keyval Error: H undefined.

See the keyval package documentation for explanation.
Type  H <return>  for immediate help.
 ...                                              
                                                  
l.748 ...ludegraphics[scale=0.6, H]{misc_info.png}
                                                   is clicked. Every time a ...

Try typing  <return>  to proceed.
If that doesn't work, type  X <return>  to quit.

File: images/misc_info.png Graphic file (type png)
<use images/misc_info.png>

! Package keyval Error: H undefined.

See the keyval package documentation for explanation.
Type  H <return>  for immediate help.
 ...                                              
                                                  
l.748 ... \includegraphics[scale=0.6, H]{plus.png}
                                                  . This must be done after ...

Try typing  <return>  to proceed.
If that doesn't work, type  X <return>  to quit.

File: images/plus.png Graphic file (type png)
<use images/plus.png>

! Package keyval Error: H undefined.

See the keyval package documentation for explanation.
Type  H <return>  for immediate help.
 ...                                              
                                                  
l.749 ...graphics[scale=0.6, H]{viewSelection.png}
                                                  . Now it's time to validat...

Try typing  <return>  to proceed.
If that doesn't work, type  X <return>  to quit.

File: images/viewSelection.png Graphic file (type png)
<use images/viewSelection.png>

! Package keyval Error: H undefined.

See the keyval package documentation for explanation.
Type  H <return>  for immediate help.
 ...                                              
                                                  
l.749 ...egraphics[scale=0.6, H]{setValidated.png}
                                                  . If you want to deselect ...

Try typing  <return>  to proceed.
If that doesn't work, type  X <return>  to quit.

File: images/setValidated.png Graphic file (type png)
<use images/setValidated.png>

! Package keyval Error: H undefined.

See the keyval package documentation for explanation.
Type  H <return>  for immediate help.
 ...                                              
                                                  
l.749 ...aphics[scale=0.6, H]{deleteSelection.png}
                                                  .
Try typing  <return>  to proceed.
If that doesn't work, type  X <return>  to quit.

File: images/deleteSelection.png Graphic file (type png)
<use images/deleteSelection.png> [27

]
Chapter 6.
[28

] (C:\niklaas\java\compomics-rover\manual\rover.aux)

LaTeX Warning: Label(s) may have changed. Rerun to get cross-references right.

 ) 
Here is how much of TeX's memory you used:
 9570 strings out of 495285
 139817 string characters out of 3179872
 203576 words of memory out of 3000000
 12365 multiletter control sequences out of 15000+200000
 20753 words of font info for 78 fonts, out of 3000000 for 9000
 14 hyphenation exceptions out of 8191
 41i,11n,43p,1156b,380s stack positions out of 5000i,500n,10000p,200000b,50000s
 <C:\Users\Niklaas\AppData\Local\MiKTeX\2.8\fonts\pk\ljfour\jknappen\ec\dpi60
0\tcbx1095.pk> <C:\Users\Niklaas\AppData\Local\MiKTeX\2.8\fonts\pk\ljfour\jknap
pen\ec\dpi600\tcrm1095.pk><C:/Program Files (x86)/MiKTeX 2.8/fonts/type1/public
/amsfonts/cm/cmbx10.pfb><C:/Program Files (x86)/MiKTeX 2.8/fonts/type1/public/a
msfonts/cm/cmbx12.pfb><C:/Program Files (x86)/MiKTeX 2.8/fonts/type1/public/ams
fonts/cm/cmcsc10.pfb><C:/Program Files (x86)/MiKTeX 2.8/fonts/type1/public/amsf
onts/cm/cmex10.pfb><C:/Program Files (x86)/MiKTeX 2.8/fonts/type1/public/amsfon
ts/cm/cmmi10.pfb><C:/Program Files (x86)/MiKTeX 2.8/fonts/type1/public/amsfonts
/cm/cmmi8.pfb><C:/Program Files (x86)/MiKTeX 2.8/fonts/type1/public/amsfonts/cm
/cmmib10.pfb><C:/Program Files (x86)/MiKTeX 2.8/fonts/type1/public/amsfonts/cm/
cmr10.pfb><C:/Program Files (x86)/MiKTeX 2.8/fonts/type1/public/amsfonts/cm/cmr
12.pfb><C:/Program Files (x86)/MiKTeX 2.8/fonts/type1/public/amsfonts/cm/cmr6.p
fb><C:/Program Files (x86)/MiKTeX 2.8/fonts/type1/public/amsfonts/cm/cmr7.pfb><
C:/Program Files (x86)/MiKTeX 2.8/fonts/type1/public/amsfonts/cm/cmr8.pfb><C:/P
rogram Files (x86)/MiKTeX 2.8/fonts/type1/public/amsfonts/cm/cmr9.pfb><C:/Progr
am Files (x86)/MiKTeX 2.8/fonts/type1/public/amsfonts/cm/cmsy10.pfb><C:/Program
 Files (x86)/MiKTeX 2.8/fonts/type1/public/amsfonts/cm/cmsy8.pfb><C:/Program Fi
les (x86)/MiKTeX 2.8/fonts/type1/public/amsfonts/cm/cmti10.pfb><C:/Program File
s (x86)/MiKTeX 2.8/fonts/type1/public/amsfonts/cm/cmti9.pfb><C:/Program Files (
x86)/MiKTeX 2.8/fonts/type1/public/amsfonts/cm/cmtt10.pfb><C:/Program Files (x8
6)/MiKTeX 2.8/fonts/type1/public/amsfonts/cm/cmtt12.pfb><C:/Program Files (x86)
/MiKTeX 2.8/fonts/type1/public/amsfonts/symbols/msam10.pfb>
Output written on rover.pdf (31 pages, 1676100 bytes).
PDF statistics:
 749 PDF objects out of 1000 (max. 8388607)
 168 named destinations out of 1000 (max. 500000)
 574 words of extra memory for PDF output out of 10000 (max. 10000000)

